[01-May-2015 00:00:58] PHP Warning:  file_put_contents(/home/wovodat/public_html/WOVOdat/eruption/api/Repository/Serie/Series.json): failed to open stream: Permission denied in /home/wovodat/public_html/WOVOdat/eruption/api/Repository/TimeSeriesRepository.php on line 21
[01-May-2015 00:00:58] PHP Stack trace:
[01-May-2015 00:00:58] PHP   1. {main}() /home/wovodat/public_html/WOVOdat/eruption/api/index.php:0
[01-May-2015 00:00:58] PHP   2. Routing::route() /home/wovodat/public_html/WOVOdat/eruption/api/index.php:28
[01-May-2015 00:00:58] PHP   3. call_user_func_array() /home/wovodat/public_html/WOVOdat/eruption/api/Include/Routing.php:14
[01-May-2015 00:00:58] PHP   4. TimeSeriesController::loadDataList() /home/wovodat/public_html/WOVOdat/eruption/api/Include/Routing.php:14
[01-May-2015 00:00:58] PHP   5. TimeSeriesRepository::getTimeSeriesList() /home/wovodat/public_html/WOVOdat/eruption/api/Controller/TimeSeriesController.php:11
[01-May-2015 00:00:58] PHP   6. TimeSeriesRepository::saveSerie() /home/wovodat/public_html/WOVOdat/eruption/api/Repository/TimeSeriesRepository.php:113
[01-May-2015 00:00:58] PHP   7. file_put_contents() /home/wovodat/public_html/WOVOdat/eruption/api/Repository/TimeSeriesRepository.php:21
[01-May-2015 00:00:58] PHP Warning:  file_put_contents(/home/wovodat/public_html/WOVOdat/eruption/api/Repository/Serie/Series.json): failed to open stream: Permission denied in /home/wovodat/public_html/WOVOdat/eruption/api/Repository/TimeSeriesRepository.php on line 21
[01-May-2015 00:00:58] PHP Stack trace:
[01-May-2015 00:00:58] PHP   1. {main}() /home/wovodat/public_html/WOVOdat/eruption/api/index.php:0
[01-May-2015 00:00:58] PHP   2. Routing::route() /home/wovodat/public_html/WOVOdat/eruption/api/index.php:28
[01-May-2015 00:00:58] PHP   3. call_user_func_array() /home/wovodat/public_html/WOVOdat/eruption/api/Include/Routing.php:14
[01-May-2015 00:00:58] PHP   4. TimeSeriesController::loadDataList() /home/wovodat/public_html/WOVOdat/eruption/api/Include/Routing.php:14
[01-May-2015 00:00:58] PHP   5. TimeSeriesRepository::getTimeSeriesList() /home/wovodat/public_html/WOVOdat/eruption/api/Controller/TimeSeriesController.php:11
[01-May-2015 00:00:58] PHP   6. TimeSeriesRepository::saveSerie() /home/wovodat/public_html/WOVOdat/eruption/api/Repository/TimeSeriesRepository.php:113
[01-May-2015 00:00:58] PHP   7. file_put_contents() /home/wovodat/public_html/WOVOdat/eruption/api/Repository/TimeSeriesRepository.php:21
[01-May-2015 00:00:58] PHP Warning:  file_put_contents(/home/wovodat/public_html/WOVOdat/eruption/api/Repository/Serie/Series.json): failed to open stream: Permission denied in /home/wovodat/public_html/WOVOdat/eruption/api/Repository/TimeSeriesRepository.php on line 21
[01-May-2015 00:00:58] PHP Stack trace:
[01-May-2015 00:00:58] PHP   1. {main}() /home/wovodat/public_html/WOVOdat/eruption/api/index.php:0
[01-May-2015 00:00:58] PHP   2. Routing::route() /home/wovodat/public_html/WOVOdat/eruption/api/index.php:28
[01-May-2015 00:00:58] PHP   3. call_user_func_array() /home/wovodat/public_html/WOVOdat/eruption/api/Include/Routing.php:14
[01-May-2015 00:00:58] PHP   4. TimeSeriesController::loadDataList() /home/wovodat/public_html/WOVOdat/eruption/api/Include/Routing.php:14
[01-May-2015 00:00:58] PHP   5. TimeSeriesRepository::getTimeSeriesList() /home/wovodat/public_html/WOVOdat/eruption/api/Controller/TimeSeriesController.php:11
[01-May-2015 00:00:58] PHP   6. TimeSeriesRepository::saveSerie() /home/wovodat/public_html/WOVOdat/eruption/api/Repository/TimeSeriesRepository.php:113
[01-May-2015 00:00:58] PHP   7. file_put_contents() /home/wovodat/public_html/WOVOdat/eruption/api/Repository/TimeSeriesRepository.php:21
[01-May-2015 00:00:59] PHP Warning:  file_put_contents(/home/wovodat/public_html/WOVOdat/eruption/api/Repository/Serie/Series.json): failed to open stream: Permission denied in /home/wovodat/public_html/WOVOdat/eruption/api/Repository/TimeSeriesRepository.php on line 21
[01-May-2015 00:00:59] PHP Stack trace:
[01-May-2015 00:00:59] PHP   1. {main}() /home/wovodat/public_html/WOVOdat/eruption/api/index.php:0
[01-May-2015 00:00:59] PHP   2. Routing::route() /home/wovodat/public_html/WOVOdat/eruption/api/index.php:28
[01-May-2015 00:00:59] PHP   3. call_user_func_array() /home/wovodat/public_html/WOVOdat/eruption/api/Include/Routing.php:14
[01-May-2015 00:00:59] PHP   4. TimeSeriesController::loadDataList() /home/wovodat/public_html/WOVOdat/eruption/api/Include/Routing.php:14
[01-May-2015 00:00:59] PHP   5. TimeSeriesRepository::getTimeSeriesList() /home/wovodat/public_html/WOVOdat/eruption/api/Controller/TimeSeriesController.php:11
[01-May-2015 00:00:59] PHP   6. TimeSeriesRepository::saveSerie() /home/wovodat/public_html/WOVOdat/eruption/api/Repository/TimeSeriesRepository.php:113
[01-May-2015 00:00:59] PHP   7. file_put_contents() /home/wovodat/public_html/WOVOdat/eruption/api/Repository/TimeSeriesRepository.php:21
[01-May-2015 00:00:59] PHP Warning:  file_put_contents(/home/wovodat/public_html/WOVOdat/eruption/api/Repository/Serie/Series.json): failed to open stream: Permission denied in /home/wovodat/public_html/WOVOdat/eruption/api/Repository/TimeSeriesRepository.php on line 21
[01-May-2015 00:00:59] PHP Stack trace:
[01-May-2015 00:00:59] PHP   1. {main}() /home/wovodat/public_html/WOVOdat/eruption/api/index.php:0
[01-May-2015 00:00:59] PHP   2. Routing::route() /home/wovodat/public_html/WOVOdat/eruption/api/index.php:28
[01-May-2015 00:00:59] PHP   3. call_user_func_array() /home/wovodat/public_html/WOVOdat/eruption/api/Include/Routing.php:14
[01-May-2015 00:00:59] PHP   4. TimeSeriesController::loadDataList() /home/wovodat/public_html/WOVOdat/eruption/api/Include/Routing.php:14
[01-May-2015 00:00:59] PHP   5. TimeSeriesRepository::getTimeSeriesList() /home/wovodat/public_html/WOVOdat/eruption/api/Controller/TimeSeriesController.php:11
[01-May-2015 00:00:59] PHP   6. TimeSeriesRepository::saveSerie() /home/wovodat/public_html/WOVOdat/eruption/api/Repository/TimeSeriesRepository.php:113
[01-May-2015 00:00:59] PHP   7. file_put_contents() /home/wovodat/public_html/WOVOdat/eruption/api/Repository/TimeSeriesRepository.php:21
[01-May-2015 00:00:59] PHP Warning:  file_put_contents(/home/wovodat/public_html/WOVOdat/eruption/api/Repository/Serie/Series.json): failed to open stream: Permission denied in /home/wovodat/public_html/WOVOdat/eruption/api/Repository/TimeSeriesRepository.php on line 21
[01-May-2015 00:00:59] PHP Stack trace:
[01-May-2015 00:00:59] PHP   1. {main}() /home/wovodat/public_html/WOVOdat/eruption/api/index.php:0
[01-May-2015 00:00:59] PHP   2. Routing::route() /home/wovodat/public_html/WOVOdat/eruption/api/index.php:28
[01-May-2015 00:00:59] PHP   3. call_user_func_array() /home/wovodat/public_html/WOVOdat/eruption/api/Include/Routing.php:14
[01-May-2015 00:00:59] PHP   4. TimeSeriesController::loadDataList() /home/wovodat/public_html/WOVOdat/eruption/api/Include/Routing.php:14
[01-May-2015 00:00:59] PHP   5. TimeSeriesRepository::getTimeSeriesList() /home/wovodat/public_html/WOVOdat/eruption/api/Controller/TimeSeriesController.php:11
[01-May-2015 00:00:59] PHP   6. TimeSeriesRepository::saveSerie() /home/wovodat/public_html/WOVOdat/eruption/api/Repository/TimeSeriesRepository.php:113
[01-May-2015 00:00:59] PHP   7. file_put_contents() /home/wovodat/public_html/WOVOdat/eruption/api/Repository/TimeSeriesRepository.php:21
[01-May-2015 00:00:59] PHP Warning:  file_put_contents(/home/wovodat/public_html/WOVOdat/eruption/api/Repository/Serie/Series.json): failed to open stream: Permission denied in /home/wovodat/public_html/WOVOdat/eruption/api/Repository/TimeSeriesRepository.php on line 21
[01-May-2015 00:00:59] PHP Stack trace:
[01-May-2015 00:00:59] PHP   1. {main}() /home/wovodat/public_html/WOVOdat/eruption/api/index.php:0
[01-May-2015 00:00:59] PHP   2. Routing::route() /home/wovodat/public_html/WOVOdat/eruption/api/index.php:28
[01-May-2015 00:00:59] PHP   3. call_user_func_array() /home/wovodat/public_html/WOVOdat/eruption/api/Include/Routing.php:14
[01-May-2015 00:00:59] PHP   4. TimeSeriesController::loadDataList() /home/wovodat/public_html/WOVOdat/eruption/api/Include/Routing.php:14
[01-May-2015 00:00:59] PHP   5. TimeSeriesRepository::getTimeSeriesList() /home/wovodat/public_html/WOVOdat/eruption/api/Controller/TimeSeriesController.php:11
[01-May-2015 00:00:59] PHP   6. TimeSeriesRepository::saveSerie() /home/wovodat/public_html/WOVOdat/eruption/api/Repository/TimeSeriesRepository.php:113
[01-May-2015 00:00:59] PHP   7. file_put_contents() /home/wovodat/public_html/WOVOdat/eruption/api/Repository/TimeSeriesRepository.php:21
[01-May-2015 00:00:59] PHP Warning:  file_put_contents(/home/wovodat/public_html/WOVOdat/eruption/api/Repository/Serie/Series.json): failed to open stream: Permission denied in /home/wovodat/public_html/WOVOdat/eruption/api/Repository/TimeSeriesRepository.php on line 21
[01-May-2015 00:00:59] PHP Stack trace:
[01-May-2015 00:00:59] PHP   1. {main}() /home/wovodat/public_html/WOVOdat/eruption/api/index.php:0
[01-May-2015 00:00:59] PHP   2. Routing::route() /home/wovodat/public_html/WOVOdat/eruption/api/index.php:28
[01-May-2015 00:00:59] PHP   3. call_user_func_array() /home/wovodat/public_html/WOVOdat/eruption/api/Include/Routing.php:14
[01-May-2015 00:00:59] PHP   4. TimeSeriesController::loadDataList() /home/wovodat/public_html/WOVOdat/eruption/api/Include/Routing.php:14
[01-May-2015 00:00:59] PHP   5. TimeSeriesRepository::getTimeSeriesList() /home/wovodat/public_html/WOVOdat/eruption/api/Controller/TimeSeriesController.php:11
[01-May-2015 00:00:59] PHP   6. TimeSeriesRepository::saveSerie() /home/wovodat/public_html/WOVOdat/eruption/api/Repository/TimeSeriesRepository.php:113
[01-May-2015 00:00:59] PHP   7. file_put_contents() /home/wovodat/public_html/WOVOdat/eruption/api/Repository/TimeSeriesRepository.php:21
[01-May-2015 00:00:59] PHP Warning:  file_put_contents(/home/wovodat/public_html/WOVOdat/eruption/api/Repository/Serie/Series.json): failed to open stream: Permission denied in /home/wovodat/public_html/WOVOdat/eruption/api/Repository/TimeSeriesRepository.php on line 21
[01-May-2015 00:00:59] PHP Stack trace:
[01-May-2015 00:00:59] PHP   1. {main}() /home/wovodat/public_html/WOVOdat/eruption/api/index.php:0
[01-May-2015 00:00:59] PHP   2. Routing::route() /home/wovodat/public_html/WOVOdat/eruption/api/index.php:28
[01-May-2015 00:00:59] PHP   3. call_user_func_array() /home/wovodat/public_html/WOVOdat/eruption/api/Include/Routing.php:14
[01-May-2015 00:00:59] PHP   4. TimeSeriesController::loadDataList() /home/wovodat/public_html/WOVOdat/eruption/api/Include/Routing.php:14
[01-May-2015 00:00:59] PHP   5. TimeSeriesRepository::getTimeSeriesList() /home/wovodat/public_html/WOVOdat/eruption/api/Controller/TimeSeriesController.php:11
[01-May-2015 00:00:59] PHP   6. TimeSeriesRepository::saveSerie() /home/wovodat/public_html/WOVOdat/eruption/api/Repository/TimeSeriesRepository.php:113
[01-May-2015 00:00:59] PHP   7. file_put_contents() /home/wovodat/public_html/WOVOdat/eruption/api/Repository/TimeSeriesRepository.php:21
[01-May-2015 00:00:59] PHP Warning:  file_put_contents(/home/wovodat/public_html/WOVOdat/eruption/api/Repository/Serie/Series.json): failed to open stream: Permission denied in /home/wovodat/public_html/WOVOdat/eruption/api/Repository/TimeSeriesRepository.php on line 21
[01-May-2015 00:00:59] PHP Stack trace:
[01-May-2015 00:00:59] PHP   1. {main}() /home/wovodat/public_html/WOVOdat/eruption/api/index.php:0
[01-May-2015 00:00:59] PHP   2. Routing::route() /home/wovodat/public_html/WOVOdat/eruption/api/index.php:28
[01-May-2015 00:00:59] PHP   3. call_user_func_array() /home/wovodat/public_html/WOVOdat/eruption/api/Include/Routing.php:14
[01-May-2015 00:00:59] PHP   4. TimeSeriesController::loadDataList() /home/wovodat/public_html/WOVOdat/eruption/api/Include/Routing.php:14
[01-May-2015 00:00:59] PHP   5. TimeSeriesRepository::getTimeSeriesList() /home/wovodat/public_html/WOVOdat/eruption/api/Controller/TimeSeriesController.php:11
[01-May-2015 00:00:59] PHP   6. TimeSeriesRepository::saveSerie() /home/wovodat/public_html/WOVOdat/eruption/api/Repository/TimeSeriesRepository.php:113
[01-May-2015 00:00:59] PHP   7. file_put_contents() /home/wovodat/public_html/WOVOdat/eruption/api/Repository/TimeSeriesRepository.php:21
[01-May-2015 00:00:59] PHP Warning:  file_put_contents(/home/wovodat/public_html/WOVOdat/eruption/api/Repository/Serie/Series.json): failed to open stream: Permission denied in /home/wovodat/public_html/WOVOdat/eruption/api/Repository/TimeSeriesRepository.php on line 21
[01-May-2015 00:00:59] PHP Stack trace:
[01-May-2015 00:00:59] PHP   1. {main}() /home/wovodat/public_html/WOVOdat/eruption/api/index.php:0
[01-May-2015 00:00:59] PHP   2. Routing::route() /home/wovodat/public_html/WOVOdat/eruption/api/index.php:28
[01-May-2015 00:00:59] PHP   3. call_user_func_array() /home/wovodat/public_html/WOVOdat/eruption/api/Include/Routing.php:14
[01-May-2015 00:00:59] PHP   4. TimeSeriesController::loadDataList() /home/wovodat/public_html/WOVOdat/eruption/api/Include/Routing.php:14
[01-May-2015 00:00:59] PHP   5. TimeSeriesRepository::getTimeSeriesList() /home/wovodat/public_html/WOVOdat/eruption/api/Controller/TimeSeriesController.php:11
[01-May-2015 00:00:59] PHP   6. TimeSeriesRepository::saveSerie() /home/wovodat/public_html/WOVOdat/eruption/api/Repository/TimeSeriesRepository.php:113
[01-May-2015 00:00:59] PHP   7. file_put_contents() /home/wovodat/public_html/WOVOdat/eruption/api/Repository/TimeSeriesRepository.php:21
[01-May-2015 00:00:59] PHP Warning:  file_put_contents(/home/wovodat/public_html/WOVOdat/eruption/api/Repository/Serie/Series.json): failed to open stream: Permission denied in /home/wovodat/public_html/WOVOdat/eruption/api/Repository/TimeSeriesRepository.php on line 21
[01-May-2015 00:00:59] PHP Stack trace:
[01-May-2015 00:00:59] PHP   1. {main}() /home/wovodat/public_html/WOVOdat/eruption/api/index.php:0
[01-May-2015 00:00:59] PHP   2. Routing::route() /home/wovodat/public_html/WOVOdat/eruption/api/index.php:28
[01-May-2015 00:00:59] PHP   3. call_user_func_array() /home/wovodat/public_html/WOVOdat/eruption/api/Include/Routing.php:14
[01-May-2015 00:00:59] PHP   4. TimeSeriesController::loadDataList() /home/wovodat/public_html/WOVOdat/eruption/api/Include/Routing.php:14
[01-May-2015 00:00:59] PHP   5. TimeSeriesRepository::getTimeSeriesList() /home/wovodat/public_html/WOVOdat/eruption/api/Controller/TimeSeriesController.php:11
[01-May-2015 00:00:59] PHP   6. TimeSeriesRepository::saveSerie() /home/wovodat/public_html/WOVOdat/eruption/api/Repository/TimeSeriesRepository.php:113
[01-May-2015 00:00:59] PHP   7. file_put_contents() /home/wovodat/public_html/WOVOdat/eruption/api/Repository/TimeSeriesRepository.php:21
[01-May-2015 00:00:59] PHP Warning:  file_put_contents(/home/wovodat/public_html/WOVOdat/eruption/api/Repository/Serie/Series.json): failed to open stream: Permission denied in /home/wovodat/public_html/WOVOdat/eruption/api/Repository/TimeSeriesRepository.php on line 21
[01-May-2015 00:00:59] PHP Stack trace:
[01-May-2015 00:00:59] PHP   1. {main}() /home/wovodat/public_html/WOVOdat/eruption/api/index.php:0
[01-May-2015 00:00:59] PHP   2. Routing::route() /home/wovodat/public_html/WOVOdat/eruption/api/index.php:28
[01-May-2015 00:00:59] PHP   3. call_user_func_array() /home/wovodat/public_html/WOVOdat/eruption/api/Include/Routing.php:14
[01-May-2015 00:00:59] PHP   4. TimeSeriesController::loadDataList() /home/wovodat/public_html/WOVOdat/eruption/api/Include/Routing.php:14
[01-May-2015 00:00:59] PHP   5. TimeSeriesRepository::getTimeSeriesList() /home/wovodat/public_html/WOVOdat/eruption/api/Controller/TimeSeriesController.php:11
[01-May-2015 00:00:59] PHP   6. TimeSeriesRepository::saveSerie() /home/wovodat/public_html/WOVOdat/eruption/api/Repository/TimeSeriesRepository.php:113
[01-May-2015 00:00:59] PHP   7. file_put_contents() /home/wovodat/public_html/WOVOdat/eruption/api/Repository/TimeSeriesRepository.php:21
[01-May-2015 00:00:59] PHP Warning:  file_put_contents(/home/wovodat/public_html/WOVOdat/eruption/api/Repository/Serie/Series.json): failed to open stream: Permission denied in /home/wovodat/public_html/WOVOdat/eruption/api/Repository/TimeSeriesRepository.php on line 21
[01-May-2015 00:00:59] PHP Stack trace:
[01-May-2015 00:00:59] PHP   1. {main}() /home/wovodat/public_html/WOVOdat/eruption/api/index.php:0
[01-May-2015 00:00:59] PHP   2. Routing::route() /home/wovodat/public_html/WOVOdat/eruption/api/index.php:28
[01-May-2015 00:00:59] PHP   3. call_user_func_array() /home/wovodat/public_html/WOVOdat/eruption/api/Include/Routing.php:14
[01-May-2015 00:00:59] PHP   4. TimeSeriesController::loadDataList() /home/wovodat/public_html/WOVOdat/eruption/api/Include/Routing.php:14
[01-May-2015 00:00:59] PHP   5. TimeSeriesRepository::getTimeSeriesList() /home/wovodat/public_html/WOVOdat/eruption/api/Controller/TimeSeriesController.php:11
[01-May-2015 00:00:59] PHP   6. TimeSeriesRepository::saveSerie() /home/wovodat/public_html/WOVOdat/eruption/api/Repository/TimeSeriesRepository.php:113
[01-May-2015 00:00:59] PHP   7. file_put_contents() /home/wovodat/public_html/WOVOdat/eruption/api/Repository/TimeSeriesRepository.php:21
[01-May-2015 00:00:59] PHP Warning:  file_put_contents(/home/wovodat/public_html/WOVOdat/eruption/api/Repository/Serie/Series.json): failed to open stream: Permission denied in /home/wovodat/public_html/WOVOdat/eruption/api/Repository/TimeSeriesRepository.php on line 21
[01-May-2015 00:00:59] PHP Stack trace:
[01-May-2015 00:00:59] PHP   1. {main}() /home/wovodat/public_html/WOVOdat/eruption/api/index.php:0
[01-May-2015 00:00:59] PHP   2. Routing::route() /home/wovodat/public_html/WOVOdat/eruption/api/index.php:28
[01-May-2015 00:00:59] PHP   3. call_user_func_array() /home/wovodat/public_html/WOVOdat/eruption/api/Include/Routing.php:14
[01-May-2015 00:00:59] PHP   4. TimeSeriesController::loadDataList() /home/wovodat/public_html/WOVOdat/eruption/api/Include/Routing.php:14
[01-May-2015 00:00:59] PHP   5. TimeSeriesRepository::getTimeSeriesList() /home/wovodat/public_html/WOVOdat/eruption/api/Controller/TimeSeriesController.php:11
[01-May-2015 00:00:59] PHP   6. TimeSeriesRepository::saveSerie() /home/wovodat/public_html/WOVOdat/eruption/api/Repository/TimeSeriesRepository.php:113
[01-May-2015 00:00:59] PHP   7. file_put_contents() /home/wovodat/public_html/WOVOdat/eruption/api/Repository/TimeSeriesRepository.php:21
[01-May-2015 00:00:59] PHP Warning:  file_put_contents(/home/wovodat/public_html/WOVOdat/eruption/api/Repository/Serie/Series.json): failed to open stream: Permission denied in /home/wovodat/public_html/WOVOdat/eruption/api/Repository/TimeSeriesRepository.php on line 21
[01-May-2015 00:00:59] PHP Stack trace:
[01-May-2015 00:00:59] PHP   1. {main}() /home/wovodat/public_html/WOVOdat/eruption/api/index.php:0
[01-May-2015 00:00:59] PHP   2. Routing::route() /home/wovodat/public_html/WOVOdat/eruption/api/index.php:28
[01-May-2015 00:00:59] PHP   3. call_user_func_array() /home/wovodat/public_html/WOVOdat/eruption/api/Include/Routing.php:14
[01-May-2015 00:00:59] PHP   4. TimeSeriesController::loadDataList() /home/wovodat/public_html/WOVOdat/eruption/api/Include/Routing.php:14
[01-May-2015 00:00:59] PHP   5. TimeSeriesRepository::getTimeSeriesList() /home/wovodat/public_html/WOVOdat/eruption/api/Controller/TimeSeriesController.php:11
[01-May-2015 00:00:59] PHP   6. TimeSeriesRepository::saveSerie() /home/wovodat/public_html/WOVOdat/eruption/api/Repository/TimeSeriesRepository.php:113
[01-May-2015 00:00:59] PHP   7. file_put_contents() /home/wovodat/public_html/WOVOdat/eruption/api/Repository/TimeSeriesRepository.php:21
[01-May-2015 00:00:59] PHP Warning:  file_put_contents(/home/wovodat/public_html/WOVOdat/eruption/api/Repository/Serie/Series.json): failed to open stream: Permission denied in /home/wovodat/public_html/WOVOdat/eruption/api/Repository/TimeSeriesRepository.php on line 21
[01-May-2015 00:00:59] PHP Stack trace:
[01-May-2015 00:00:59] PHP   1. {main}() /home/wovodat/public_html/WOVOdat/eruption/api/index.php:0
[01-May-2015 00:00:59] PHP   2. Routing::route() /home/wovodat/public_html/WOVOdat/eruption/api/index.php:28
[01-May-2015 00:00:59] PHP   3. call_user_func_array() /home/wovodat/public_html/WOVOdat/eruption/api/Include/Routing.php:14
[01-May-2015 00:00:59] PHP   4. TimeSeriesController::loadDataList() /home/wovodat/public_html/WOVOdat/eruption/api/Include/Routing.php:14
[01-May-2015 00:00:59] PHP   5. TimeSeriesRepository::getTimeSeriesList() /home/wovodat/public_html/WOVOdat/eruption/api/Controller/TimeSeriesController.php:11
[01-May-2015 00:00:59] PHP   6. TimeSeriesRepository::saveSerie() /home/wovodat/public_html/WOVOdat/eruption/api/Repository/TimeSeriesRepository.php:113
[01-May-2015 00:00:59] PHP   7. file_put_contents() /home/wovodat/public_html/WOVOdat/eruption/api/Repository/TimeSeriesRepository.php:21
[01-May-2015 00:00:59] PHP Warning:  file_put_contents(/home/wovodat/public_html/WOVOdat/eruption/api/Repository/Serie/Series.json): failed to open stream: Permission denied in /home/wovodat/public_html/WOVOdat/eruption/api/Repository/TimeSeriesRepository.php on line 21
[01-May-2015 00:00:59] PHP Stack trace:
[01-May-2015 00:00:59] PHP   1. {main}() /home/wovodat/public_html/WOVOdat/eruption/api/index.php:0
[01-May-2015 00:00:59] PHP   2. Routing::route() /home/wovodat/public_html/WOVOdat/eruption/api/index.php:28
[01-May-2015 00:00:59] PHP   3. call_user_func_array() /home/wovodat/public_html/WOVOdat/eruption/api/Include/Routing.php:14
[01-May-2015 00:00:59] PHP   4. TimeSeriesController::loadDataList() /home/wovodat/public_html/WOVOdat/eruption/api/Include/Routing.php:14
[01-May-2015 00:00:59] PHP   5. TimeSeriesRepository::getTimeSeriesList() /home/wovodat/public_html/WOVOdat/eruption/api/Controller/TimeSeriesController.php:11
[01-May-2015 00:00:59] PHP   6. TimeSeriesRepository::saveSerie() /home/wovodat/public_html/WOVOdat/eruption/api/Repository/TimeSeriesRepository.php:113
[01-May-2015 00:00:59] PHP   7. file_put_contents() /home/wovodat/public_html/WOVOdat/eruption/api/Repository/TimeSeriesRepository.php:21
[01-May-2015 00:00:59] PHP Warning:  file_put_contents(/home/wovodat/public_html/WOVOdat/eruption/api/Repository/Serie/Series.json): failed to open stream: Permission denied in /home/wovodat/public_html/WOVOdat/eruption/api/Repository/TimeSeriesRepository.php on line 21
[01-May-2015 00:00:59] PHP Stack trace:
[01-May-2015 00:00:59] PHP   1. {main}() /home/wovodat/public_html/WOVOdat/eruption/api/index.php:0
[01-May-2015 00:00:59] PHP   2. Routing::route() /home/wovodat/public_html/WOVOdat/eruption/api/index.php:28
[01-May-2015 00:00:59] PHP   3. call_user_func_array() /home/wovodat/public_html/WOVOdat/eruption/api/Include/Routing.php:14
[01-May-2015 00:00:59] PHP   4. TimeSeriesController::loadDataList() /home/wovodat/public_html/WOVOdat/eruption/api/Include/Routing.php:14
[01-May-2015 00:00:59] PHP   5. TimeSeriesRepository::getTimeSeriesList() /home/wovodat/public_html/WOVOdat/eruption/api/Controller/TimeSeriesController.php:11
[01-May-2015 00:00:59] PHP   6. TimeSeriesRepository::saveSerie() /home/wovodat/public_html/WOVOdat/eruption/api/Repository/TimeSeriesRepository.php:113
[01-May-2015 00:00:59] PHP   7. file_put_contents() /home/wovodat/public_html/WOVOdat/eruption/api/Repository/TimeSeriesRepository.php:21
[01-May-2015 00:00:59] PHP Warning:  file_put_contents(/home/wovodat/public_html/WOVOdat/eruption/api/Repository/Serie/Series.json): failed to open stream: Permission denied in /home/wovodat/public_html/WOVOdat/eruption/api/Repository/TimeSeriesRepository.php on line 21
[01-May-2015 00:00:59] PHP Stack trace:
[01-May-2015 00:00:59] PHP   1. {main}() /home/wovodat/public_html/WOVOdat/eruption/api/index.php:0
[01-May-2015 00:00:59] PHP   2. Routing::route() /home/wovodat/public_html/WOVOdat/eruption/api/index.php:28
[01-May-2015 00:00:59] PHP   3. call_user_func_array() /home/wovodat/public_html/WOVOdat/eruption/api/Include/Routing.php:14
[01-May-2015 00:00:59] PHP   4. TimeSeriesController::loadDataList() /home/wovodat/public_html/WOVOdat/eruption/api/Include/Routing.php:14
[01-May-2015 00:00:59] PHP   5. TimeSeriesRepository::getTimeSeriesList() /home/wovodat/public_html/WOVOdat/eruption/api/Controller/TimeSeriesController.php:11
[01-May-2015 00:00:59] PHP   6. TimeSeriesRepository::saveSerie() /home/wovodat/public_html/WOVOdat/eruption/api/Repository/TimeSeriesRepository.php:113
[01-May-2015 00:00:59] PHP   7. file_put_contents() /home/wovodat/public_html/WOVOdat/eruption/api/Repository/TimeSeriesRepository.php:21
[01-May-2015 00:00:59] PHP Warning:  file_put_contents(/home/wovodat/public_html/WOVOdat/eruption/api/Repository/Serie/Series.json): failed to open stream: Permission denied in /home/wovodat/public_html/WOVOdat/eruption/api/Repository/TimeSeriesRepository.php on line 21
[01-May-2015 00:00:59] PHP Stack trace:
[01-May-2015 00:00:59] PHP   1. {main}() /home/wovodat/public_html/WOVOdat/eruption/api/index.php:0
[01-May-2015 00:00:59] PHP   2. Routing::route() /home/wovodat/public_html/WOVOdat/eruption/api/index.php:28
[01-May-2015 00:00:59] PHP   3. call_user_func_array() /home/wovodat/public_html/WOVOdat/eruption/api/Include/Routing.php:14
[01-May-2015 00:00:59] PHP   4. TimeSeriesController::loadDataList() /home/wovodat/public_html/WOVOdat/eruption/api/Include/Routing.php:14
[01-May-2015 00:00:59] PHP   5. TimeSeriesRepository::getTimeSeriesList() /home/wovodat/public_html/WOVOdat/eruption/api/Controller/TimeSeriesController.php:11
[01-May-2015 00:00:59] PHP   6. TimeSeriesRepository::saveSerie() /home/wovodat/public_html/WOVOdat/eruption/api/Repository/TimeSeriesRepository.php:113
[01-May-2015 00:00:59] PHP   7. file_put_contents() /home/wovodat/public_html/WOVOdat/eruption/api/Repository/TimeSeriesRepository.php:21
[01-May-2015 00:00:59] PHP Warning:  file_put_contents(/home/wovodat/public_html/WOVOdat/eruption/api/Repository/Serie/Series.json): failed to open stream: Permission denied in /home/wovodat/public_html/WOVOdat/eruption/api/Repository/TimeSeriesRepository.php on line 21
[01-May-2015 00:00:59] PHP Stack trace:
[01-May-2015 00:00:59] PHP   1. {main}() /home/wovodat/public_html/WOVOdat/eruption/api/index.php:0
[01-May-2015 00:00:59] PHP   2. Routing::route() /home/wovodat/public_html/WOVOdat/eruption/api/index.php:28
[01-May-2015 00:00:59] PHP   3. call_user_func_array() /home/wovodat/public_html/WOVOdat/eruption/api/Include/Routing.php:14
[01-May-2015 00:00:59] PHP   4. TimeSeriesController::loadDataList() /home/wovodat/public_html/WOVOdat/eruption/api/Include/Routing.php:14
[01-May-2015 00:00:59] PHP   5. TimeSeriesRepository::getTimeSeriesList() /home/wovodat/public_html/WOVOdat/eruption/api/Controller/TimeSeriesController.php:11
[01-May-2015 00:00:59] PHP   6. TimeSeriesRepository::saveSerie() /home/wovodat/public_html/WOVOdat/eruption/api/Repository/TimeSeriesRepository.php:113
[01-May-2015 00:00:59] PHP   7. file_put_contents() /home/wovodat/public_html/WOVOdat/eruption/api/Repository/TimeSeriesRepository.php:21
[01-May-2015 00:00:59] PHP Warning:  file_put_contents(/home/wovodat/public_html/WOVOdat/eruption/api/Repository/Serie/Series.json): failed to open stream: Permission denied in /home/wovodat/public_html/WOVOdat/eruption/api/Repository/TimeSeriesRepository.php on line 21
[01-May-2015 00:00:59] PHP Stack trace:
[01-May-2015 00:00:59] PHP   1. {main}() /home/wovodat/public_html/WOVOdat/eruption/api/index.php:0
[01-May-2015 00:00:59] PHP   2. Routing::route() /home/wovodat/public_html/WOVOdat/eruption/api/index.php:28
[01-May-2015 00:00:59] PHP   3. call_user_func_array() /home/wovodat/public_html/WOVOdat/eruption/api/Include/Routing.php:14
[01-May-2015 00:00:59] PHP   4. TimeSeriesController::loadDataList() /home/wovodat/public_html/WOVOdat/eruption/api/Include/Routing.php:14
[01-May-2015 00:00:59] PHP   5. TimeSeriesRepository::getTimeSeriesList() /home/wovodat/public_html/WOVOdat/eruption/api/Controller/TimeSeriesController.php:11
[01-May-2015 00:00:59] PHP   6. TimeSeriesRepository::saveSerie() /home/wovodat/public_html/WOVOdat/eruption/api/Repository/TimeSeriesRepository.php:113
[01-May-2015 00:00:59] PHP   7. file_put_contents() /home/wovodat/public_html/WOVOdat/eruption/api/Repository/TimeSeriesRepository.php:21
[01-May-2015 00:00:59] PHP Warning:  file_put_contents(/home/wovodat/public_html/WOVOdat/eruption/api/Repository/Serie/Series.json): failed to open stream: Permission denied in /home/wovodat/public_html/WOVOdat/eruption/api/Repository/TimeSeriesRepository.php on line 21
[01-May-2015 00:00:59] PHP Stack trace:
[01-May-2015 00:00:59] PHP   1. {main}() /home/wovodat/public_html/WOVOdat/eruption/api/index.php:0
[01-May-2015 00:00:59] PHP   2. Routing::route() /home/wovodat/public_html/WOVOdat/eruption/api/index.php:28
[01-May-2015 00:00:59] PHP   3. call_user_func_array() /home/wovodat/public_html/WOVOdat/eruption/api/Include/Routing.php:14
[01-May-2015 00:00:59] PHP   4. TimeSeriesController::loadDataList() /home/wovodat/public_html/WOVOdat/eruption/api/Include/Routing.php:14
[01-May-2015 00:00:59] PHP   5. TimeSeriesRepository::getTimeSeriesList() /home/wovodat/public_html/WOVOdat/eruption/api/Controller/TimeSeriesController.php:11
[01-May-2015 00:00:59] PHP   6. TimeSeriesRepository::saveSerie() /home/wovodat/public_html/WOVOdat/eruption/api/Repository/TimeSeriesRepository.php:113
[01-May-2015 00:00:59] PHP   7. file_put_contents() /home/wovodat/public_html/WOVOdat/eruption/api/Repository/TimeSeriesRepository.php:21
[01-May-2015 00:00:59] PHP Warning:  file_put_contents(/home/wovodat/public_html/WOVOdat/eruption/api/Repository/Serie/Series.json): failed to open stream: Permission denied in /home/wovodat/public_html/WOVOdat/eruption/api/Repository/TimeSeriesRepository.php on line 21
[01-May-2015 00:00:59] PHP Stack trace:
[01-May-2015 00:00:59] PHP   1. {main}() /home/wovodat/public_html/WOVOdat/eruption/api/index.php:0
[01-May-2015 00:00:59] PHP   2. Routing::route() /home/wovodat/public_html/WOVOdat/eruption/api/index.php:28
[01-May-2015 00:00:59] PHP   3. call_user_func_array() /home/wovodat/public_html/WOVOdat/eruption/api/Include/Routing.php:14
[01-May-2015 00:00:59] PHP   4. TimeSeriesController::loadDataList() /home/wovodat/public_html/WOVOdat/eruption/api/Include/Routing.php:14
[01-May-2015 00:00:59] PHP   5. TimeSeriesRepository::getTimeSeriesList() /home/wovodat/public_html/WOVOdat/eruption/api/Controller/TimeSeriesController.php:11
[01-May-2015 00:00:59] PHP   6. TimeSeriesRepository::saveSerie() /home/wovodat/public_html/WOVOdat/eruption/api/Repository/TimeSeriesRepository.php:113
[01-May-2015 00:00:59] PHP   7. file_put_contents() /home/wovodat/public_html/WOVOdat/eruption/api/Repository/TimeSeriesRepository.php:21
[01-May-2015 00:00:59] PHP Warning:  file_put_contents(/home/wovodat/public_html/WOVOdat/eruption/api/Repository/Serie/Series.json): failed to open stream: Permission denied in /home/wovodat/public_html/WOVOdat/eruption/api/Repository/TimeSeriesRepository.php on line 21
[01-May-2015 00:00:59] PHP Stack trace:
[01-May-2015 00:00:59] PHP   1. {main}() /home/wovodat/public_html/WOVOdat/eruption/api/index.php:0
[01-May-2015 00:00:59] PHP   2. Routing::route() /home/wovodat/public_html/WOVOdat/eruption/api/index.php:28
[01-May-2015 00:00:59] PHP   3. call_user_func_array() /home/wovodat/public_html/WOVOdat/eruption/api/Include/Routing.php:14
[01-May-2015 00:00:59] PHP   4. TimeSeriesController::loadDataList() /home/wovodat/public_html/WOVOdat/eruption/api/Include/Routing.php:14
[01-May-2015 00:00:59] PHP   5. TimeSeriesRepository::getTimeSeriesList() /home/wovodat/public_html/WOVOdat/eruption/api/Controller/TimeSeriesController.php:11
[01-May-2015 00:00:59] PHP   6. TimeSeriesRepository::saveSerie() /home/wovodat/public_html/WOVOdat/eruption/api/Repository/TimeSeriesRepository.php:113
[01-May-2015 00:00:59] PHP   7. file_put_contents() /home/wovodat/public_html/WOVOdat/eruption/api/Repository/TimeSeriesRepository.php:21
[01-May-2015 00:00:59] PHP Warning:  file_put_contents(/home/wovodat/public_html/WOVOdat/eruption/api/Repository/Serie/Series.json): failed to open stream: Permission denied in /home/wovodat/public_html/WOVOdat/eruption/api/Repository/TimeSeriesRepository.php on line 21
[01-May-2015 00:00:59] PHP Stack trace:
[01-May-2015 00:00:59] PHP   1. {main}() /home/wovodat/public_html/WOVOdat/eruption/api/index.php:0
[01-May-2015 00:00:59] PHP   2. Routing::route() /home/wovodat/public_html/WOVOdat/eruption/api/index.php:28
[01-May-2015 00:00:59] PHP   3. call_user_func_array() /home/wovodat/public_html/WOVOdat/eruption/api/Include/Routing.php:14
[01-May-2015 00:00:59] PHP   4. TimeSeriesController::loadDataList() /home/wovodat/public_html/WOVOdat/eruption/api/Include/Routing.php:14
[01-May-2015 00:00:59] PHP   5. TimeSeriesRepository::getTimeSeriesList() /home/wovodat/public_html/WOVOdat/eruption/api/Controller/TimeSeriesController.php:11
[01-May-2015 00:00:59] PHP   6. TimeSeriesRepository::saveSerie() /home/wovodat/public_html/WOVOdat/eruption/api/Repository/TimeSeriesRepository.php:113
[01-May-2015 00:00:59] PHP   7. file_put_contents() /home/wovodat/public_html/WOVOdat/eruption/api/Repository/TimeSeriesRepository.php:21
[01-May-2015 00:00:59] PHP Warning:  file_put_contents(/home/wovodat/public_html/WOVOdat/eruption/api/Repository/Serie/Series.json): failed to open stream: Permission denied in /home/wovodat/public_html/WOVOdat/eruption/api/Repository/TimeSeriesRepository.php on line 21
[01-May-2015 00:00:59] PHP Stack trace:
[01-May-2015 00:00:59] PHP   1. {main}() /home/wovodat/public_html/WOVOdat/eruption/api/index.php:0
[01-May-2015 00:00:59] PHP   2. Routing::route() /home/wovodat/public_html/WOVOdat/eruption/api/index.php:28
[01-May-2015 00:00:59] PHP   3. call_user_func_array() /home/wovodat/public_html/WOVOdat/eruption/api/Include/Routing.php:14
[01-May-2015 00:00:59] PHP   4. TimeSeriesController::loadDataList() /home/wovodat/public_html/WOVOdat/eruption/api/Include/Routing.php:14
[01-May-2015 00:00:59] PHP   5. TimeSeriesRepository::getTimeSeriesList() /home/wovodat/public_html/WOVOdat/eruption/api/Controller/TimeSeriesController.php:11
[01-May-2015 00:00:59] PHP   6. TimeSeriesRepository::saveSerie() /home/wovodat/public_html/WOVOdat/eruption/api/Repository/TimeSeriesRepository.php:113
[01-May-2015 00:00:59] PHP   7. file_put_contents() /home/wovodat/public_html/WOVOdat/eruption/api/Repository/TimeSeriesRepository.php:21
[01-May-2015 00:00:59] PHP Warning:  file_put_contents(/home/wovodat/public_html/WOVOdat/eruption/api/Repository/Serie/Series.json): failed to open stream: Permission denied in /home/wovodat/public_html/WOVOdat/eruption/api/Repository/TimeSeriesRepository.php on line 21
[01-May-2015 00:00:59] PHP Stack trace:
[01-May-2015 00:00:59] PHP   1. {main}() /home/wovodat/public_html/WOVOdat/eruption/api/index.php:0
[01-May-2015 00:00:59] PHP   2. Routing::route() /home/wovodat/public_html/WOVOdat/eruption/api/index.php:28
[01-May-2015 00:00:59] PHP   3. call_user_func_array() /home/wovodat/public_html/WOVOdat/eruption/api/Include/Routing.php:14
[01-May-2015 00:00:59] PHP   4. TimeSeriesController::loadDataList() /home/wovodat/public_html/WOVOdat/eruption/api/Include/Routing.php:14
[01-May-2015 00:00:59] PHP   5. TimeSeriesRepository::getTimeSeriesList() /home/wovodat/public_html/WOVOdat/eruption/api/Controller/TimeSeriesController.php:11
[01-May-2015 00:00:59] PHP   6. TimeSeriesRepository::saveSerie() /home/wovodat/public_html/WOVOdat/eruption/api/Repository/TimeSeriesRepository.php:113
[01-May-2015 00:00:59] PHP   7. file_put_contents() /home/wovodat/public_html/WOVOdat/eruption/api/Repository/TimeSeriesRepository.php:21
[01-May-2015 00:00:59] PHP Warning:  file_put_contents(/home/wovodat/public_html/WOVOdat/eruption/api/Repository/Serie/Series.json): failed to open stream: Permission denied in /home/wovodat/public_html/WOVOdat/eruption/api/Repository/TimeSeriesRepository.php on line 21
[01-May-2015 00:00:59] PHP Stack trace:
[01-May-2015 00:00:59] PHP   1. {main}() /home/wovodat/public_html/WOVOdat/eruption/api/index.php:0
[01-May-2015 00:00:59] PHP   2. Routing::route() /home/wovodat/public_html/WOVOdat/eruption/api/index.php:28
[01-May-2015 00:00:59] PHP   3. call_user_func_array() /home/wovodat/public_html/WOVOdat/eruption/api/Include/Routing.php:14
[01-May-2015 00:00:59] PHP   4. TimeSeriesController::loadDataList() /home/wovodat/public_html/WOVOdat/eruption/api/Include/Routing.php:14
[01-May-2015 00:00:59] PHP   5. TimeSeriesRepository::getTimeSeriesList() /home/wovodat/public_html/WOVOdat/eruption/api/Controller/TimeSeriesController.php:11
[01-May-2015 00:00:59] PHP   6. TimeSeriesRepository::saveSerie() /home/wovodat/public_html/WOVOdat/eruption/api/Repository/TimeSeriesRepository.php:113
[01-May-2015 00:00:59] PHP   7. file_put_contents() /home/wovodat/public_html/WOVOdat/eruption/api/Repository/TimeSeriesRepository.php:21
[01-May-2015 00:00:59] PHP Warning:  file_put_contents(/home/wovodat/public_html/WOVOdat/eruption/api/Repository/Serie/Series.json): failed to open stream: Permission denied in /home/wovodat/public_html/WOVOdat/eruption/api/Repository/TimeSeriesRepository.php on line 21
[01-May-2015 00:00:59] PHP Stack trace:
[01-May-2015 00:00:59] PHP   1. {main}() /home/wovodat/public_html/WOVOdat/eruption/api/index.php:0
[01-May-2015 00:00:59] PHP   2. Routing::route() /home/wovodat/public_html/WOVOdat/eruption/api/index.php:28
[01-May-2015 00:00:59] PHP   3. call_user_func_array() /home/wovodat/public_html/WOVOdat/eruption/api/Include/Routing.php:14
[01-May-2015 00:00:59] PHP   4. TimeSeriesController::loadDataList() /home/wovodat/public_html/WOVOdat/eruption/api/Include/Routing.php:14
[01-May-2015 00:00:59] PHP   5. TimeSeriesRepository::getTimeSeriesList() /home/wovodat/public_html/WOVOdat/eruption/api/Controller/TimeSeriesController.php:11
[01-May-2015 00:00:59] PHP   6. TimeSeriesRepository::saveSerie() /home/wovodat/public_html/WOVOdat/eruption/api/Repository/TimeSeriesRepository.php:113
[01-May-2015 00:00:59] PHP   7. file_put_contents() /home/wovodat/public_html/WOVOdat/eruption/api/Repository/TimeSeriesRepository.php:21
[01-May-2015 00:00:59] PHP Warning:  file_put_contents(/home/wovodat/public_html/WOVOdat/eruption/api/Repository/Serie/Series.json): failed to open stream: Permission denied in /home/wovodat/public_html/WOVOdat/eruption/api/Repository/TimeSeriesRepository.php on line 21
[01-May-2015 00:00:59] PHP Stack trace:
[01-May-2015 00:00:59] PHP   1. {main}() /home/wovodat/public_html/WOVOdat/eruption/api/index.php:0
[01-May-2015 00:00:59] PHP   2. Routing::route() /home/wovodat/public_html/WOVOdat/eruption/api/index.php:28
[01-May-2015 00:00:59] PHP   3. call_user_func_array() /home/wovodat/public_html/WOVOdat/eruption/api/Include/Routing.php:14
[01-May-2015 00:00:59] PHP   4. TimeSeriesController::loadDataList() /home/wovodat/public_html/WOVOdat/eruption/api/Include/Routing.php:14
[01-May-2015 00:00:59] PHP   5. TimeSeriesRepository::getTimeSeriesList() /home/wovodat/public_html/WOVOdat/eruption/api/Controller/TimeSeriesController.php:11
[01-May-2015 00:00:59] PHP   6. TimeSeriesRepository::saveSerie() /home/wovodat/public_html/WOVOdat/eruption/api/Repository/TimeSeriesRepository.php:113
[01-May-2015 00:00:59] PHP   7. file_put_contents() /home/wovodat/public_html/WOVOdat/eruption/api/Repository/TimeSeriesRepository.php:21
[01-May-2015 00:00:59] PHP Warning:  file_put_contents(/home/wovodat/public_html/WOVOdat/eruption/api/Repository/Serie/Series.json): failed to open stream: Permission denied in /home/wovodat/public_html/WOVOdat/eruption/api/Repository/TimeSeriesRepository.php on line 21
[01-May-2015 00:00:59] PHP Stack trace:
[01-May-2015 00:00:59] PHP   1. {main}() /home/wovodat/public_html/WOVOdat/eruption/api/index.php:0
[01-May-2015 00:00:59] PHP   2. Routing::route() /home/wovodat/public_html/WOVOdat/eruption/api/index.php:28
[01-May-2015 00:00:59] PHP   3. call_user_func_array() /home/wovodat/public_html/WOVOdat/eruption/api/Include/Routing.php:14
[01-May-2015 00:00:59] PHP   4. TimeSeriesController::loadDataList() /home/wovodat/public_html/WOVOdat/eruption/api/Include/Routing.php:14
[01-May-2015 00:00:59] PHP   5. TimeSeriesRepository::getTimeSeriesList() /home/wovodat/public_html/WOVOdat/eruption/api/Controller/TimeSeriesController.php:11
[01-May-2015 00:00:59] PHP   6. TimeSeriesRepository::saveSerie() /home/wovodat/public_html/WOVOdat/eruption/api/Repository/TimeSeriesRepository.php:113
[01-May-2015 00:00:59] PHP   7. file_put_contents() /home/wovodat/public_html/WOVOdat/eruption/api/Repository/TimeSeriesRepository.php:21
[01-May-2015 00:00:59] PHP Warning:  file_put_contents(/home/wovodat/public_html/WOVOdat/eruption/api/Repository/Serie/Series.json): failed to open stream: Permission denied in /home/wovodat/public_html/WOVOdat/eruption/api/Repository/TimeSeriesRepository.php on line 21
[01-May-2015 00:00:59] PHP Stack trace:
[01-May-2015 00:00:59] PHP   1. {main}() /home/wovodat/public_html/WOVOdat/eruption/api/index.php:0
[01-May-2015 00:00:59] PHP   2. Routing::route() /home/wovodat/public_html/WOVOdat/eruption/api/index.php:28
[01-May-2015 00:00:59] PHP   3. call_user_func_array() /home/wovodat/public_html/WOVOdat/eruption/api/Include/Routing.php:14
[01-May-2015 00:00:59] PHP   4. TimeSeriesController::loadDataList() /home/wovodat/public_html/WOVOdat/eruption/api/Include/Routing.php:14
[01-May-2015 00:00:59] PHP   5. TimeSeriesRepository::getTimeSeriesList() /home/wovodat/public_html/WOVOdat/eruption/api/Controller/TimeSeriesController.php:11
[01-May-2015 00:00:59] PHP   6. TimeSeriesRepository::saveSerie() /home/wovodat/public_html/WOVOdat/eruption/api/Repository/TimeSeriesRepository.php:113
[01-May-2015 00:00:59] PHP   7. file_put_contents() /home/wovodat/public_html/WOVOdat/eruption/api/Repository/TimeSeriesRepository.php:21
[01-May-2015 00:00:59] PHP Warning:  file_put_contents(/home/wovodat/public_html/WOVOdat/eruption/api/Repository/Serie/Series.json): failed to open stream: Permission denied in /home/wovodat/public_html/WOVOdat/eruption/api/Repository/TimeSeriesRepository.php on line 21
[01-May-2015 00:00:59] PHP Stack trace:
[01-May-2015 00:00:59] PHP   1. {main}() /home/wovodat/public_html/WOVOdat/eruption/api/index.php:0
[01-May-2015 00:00:59] PHP   2. Routing::route() /home/wovodat/public_html/WOVOdat/eruption/api/index.php:28
[01-May-2015 00:00:59] PHP   3. call_user_func_array() /home/wovodat/public_html/WOVOdat/eruption/api/Include/Routing.php:14
[01-May-2015 00:00:59] PHP   4. TimeSeriesController::loadDataList() /home/wovodat/public_html/WOVOdat/eruption/api/Include/Routing.php:14
[01-May-2015 00:00:59] PHP   5. TimeSeriesRepository::getTimeSeriesList() /home/wovodat/public_html/WOVOdat/eruption/api/Controller/TimeSeriesController.php:11
[01-May-2015 00:00:59] PHP   6. TimeSeriesRepository::saveSerie() /home/wovodat/public_html/WOVOdat/eruption/api/Repository/TimeSeriesRepository.php:113
[01-May-2015 00:00:59] PHP   7. file_put_contents() /home/wovodat/public_html/WOVOdat/eruption/api/Repository/TimeSeriesRepository.php:21
[01-May-2015 00:00:59] PHP Warning:  file_put_contents(/home/wovodat/public_html/WOVOdat/eruption/api/Repository/Serie/Series.json): failed to open stream: Permission denied in /home/wovodat/public_html/WOVOdat/eruption/api/Repository/TimeSeriesRepository.php on line 21
[01-May-2015 00:00:59] PHP Stack trace:
[01-May-2015 00:00:59] PHP   1. {main}() /home/wovodat/public_html/WOVOdat/eruption/api/index.php:0
[01-May-2015 00:00:59] PHP   2. Routing::route() /home/wovodat/public_html/WOVOdat/eruption/api/index.php:28
[01-May-2015 00:00:59] PHP   3. call_user_func_array() /home/wovodat/public_html/WOVOdat/eruption/api/Include/Routing.php:14
[01-May-2015 00:00:59] PHP   4. TimeSeriesController::loadDataList() /home/wovodat/public_html/WOVOdat/eruption/api/Include/Routing.php:14
[01-May-2015 00:00:59] PHP   5. TimeSeriesRepository::getTimeSeriesList() /home/wovodat/public_html/WOVOdat/eruption/api/Controller/TimeSeriesController.php:11
[01-May-2015 00:00:59] PHP   6. TimeSeriesRepository::saveSerie() /home/wovodat/public_html/WOVOdat/eruption/api/Repository/TimeSeriesRepository.php:113
[01-May-2015 00:00:59] PHP   7. file_put_contents() /home/wovodat/public_html/WOVOdat/eruption/api/Repository/TimeSeriesRepository.php:21
[01-May-2015 00:00:59] PHP Warning:  file_put_contents(/home/wovodat/public_html/WOVOdat/eruption/api/Repository/Serie/Series.json): failed to open stream: Permission denied in /home/wovodat/public_html/WOVOdat/eruption/api/Repository/TimeSeriesRepository.php on line 21
[01-May-2015 00:00:59] PHP Stack trace:
[01-May-2015 00:00:59] PHP   1. {main}() /home/wovodat/public_html/WOVOdat/eruption/api/index.php:0
[01-May-2015 00:00:59] PHP   2. Routing::route() /home/wovodat/public_html/WOVOdat/eruption/api/index.php:28
[01-May-2015 00:00:59] PHP   3. call_user_func_array() /home/wovodat/public_html/WOVOdat/eruption/api/Include/Routing.php:14
[01-May-2015 00:00:59] PHP   4. TimeSeriesController::loadDataList() /home/wovodat/public_html/WOVOdat/eruption/api/Include/Routing.php:14
[01-May-2015 00:00:59] PHP   5. TimeSeriesRepository::getTimeSeriesList() /home/wovodat/public_html/WOVOdat/eruption/api/Controller/TimeSeriesController.php:11
[01-May-2015 00:00:59] PHP   6. TimeSeriesRepository::saveSerie() /home/wovodat/public_html/WOVOdat/eruption/api/Repository/TimeSeriesRepository.php:113
[01-May-2015 00:00:59] PHP   7. file_put_contents() /home/wovodat/public_html/WOVOdat/eruption/api/Repository/TimeSeriesRepository.php:21
[01-May-2015 00:00:59] PHP Warning:  file_put_contents(/home/wovodat/public_html/WOVOdat/eruption/api/Repository/Serie/Series.json): failed to open stream: Permission denied in /home/wovodat/public_html/WOVOdat/eruption/api/Repository/TimeSeriesRepository.php on line 21
[01-May-2015 00:00:59] PHP Stack trace:
[01-May-2015 00:00:59] PHP   1. {main}() /home/wovodat/public_html/WOVOdat/eruption/api/index.php:0
[01-May-2015 00:00:59] PHP   2. Routing::route() /home/wovodat/public_html/WOVOdat/eruption/api/index.php:28
[01-May-2015 00:00:59] PHP   3. call_user_func_array() /home/wovodat/public_html/WOVOdat/eruption/api/Include/Routing.php:14
[01-May-2015 00:00:59] PHP   4. TimeSeriesController::loadDataList() /home/wovodat/public_html/WOVOdat/eruption/api/Include/Routing.php:14
[01-May-2015 00:00:59] PHP   5. TimeSeriesRepository::getTimeSeriesList() /home/wovodat/public_html/WOVOdat/eruption/api/Controller/TimeSeriesController.php:11
[01-May-2015 00:00:59] PHP   6. TimeSeriesRepository::saveSerie() /home/wovodat/public_html/WOVOdat/eruption/api/Repository/TimeSeriesRepository.php:113
[01-May-2015 00:00:59] PHP   7. file_put_contents() /home/wovodat/public_html/WOVOdat/eruption/api/Repository/TimeSeriesRepository.php:21
[01-May-2015 00:00:59] PHP Warning:  file_put_contents(/home/wovodat/public_html/WOVOdat/eruption/api/Repository/Serie/Series.json): failed to open stream: Permission denied in /home/wovodat/public_html/WOVOdat/eruption/api/Repository/TimeSeriesRepository.php on line 21
[01-May-2015 00:00:59] PHP Stack trace:
[01-May-2015 00:00:59] PHP   1. {main}() /home/wovodat/public_html/WOVOdat/eruption/api/index.php:0
[01-May-2015 00:00:59] PHP   2. Routing::route() /home/wovodat/public_html/WOVOdat/eruption/api/index.php:28
[01-May-2015 00:00:59] PHP   3. call_user_func_array() /home/wovodat/public_html/WOVOdat/eruption/api/Include/Routing.php:14
[01-May-2015 00:00:59] PHP   4. TimeSeriesController::loadDataList() /home/wovodat/public_html/WOVOdat/eruption/api/Include/Routing.php:14
[01-May-2015 00:00:59] PHP   5. TimeSeriesRepository::getTimeSeriesList() /home/wovodat/public_html/WOVOdat/eruption/api/Controller/TimeSeriesController.php:11
[01-May-2015 00:00:59] PHP   6. TimeSeriesRepository::saveSerie() /home/wovodat/public_html/WOVOdat/eruption/api/Repository/TimeSeriesRepository.php:113
[01-May-2015 00:00:59] PHP   7. file_put_contents() /home/wovodat/public_html/WOVOdat/eruption/api/Repository/TimeSeriesRepository.php:21
[01-May-2015 00:00:59] PHP Warning:  file_put_contents(/home/wovodat/public_html/WOVOdat/eruption/api/Repository/Serie/Series.json): failed to open stream: Permission denied in /home/wovodat/public_html/WOVOdat/eruption/api/Repository/TimeSeriesRepository.php on line 21
[01-May-2015 00:00:59] PHP Stack trace:
[01-May-2015 00:00:59] PHP   1. {main}() /home/wovodat/public_html/WOVOdat/eruption/api/index.php:0
[01-May-2015 00:00:59] PHP   2. Routing::route() /home/wovodat/public_html/WOVOdat/eruption/api/index.php:28
[01-May-2015 00:00:59] PHP   3. call_user_func_array() /home/wovodat/public_html/WOVOdat/eruption/api/Include/Routing.php:14
[01-May-2015 00:00:59] PHP   4. TimeSeriesController::loadDataList() /home/wovodat/public_html/WOVOdat/eruption/api/Include/Routing.php:14
[01-May-2015 00:00:59] PHP   5. TimeSeriesRepository::getTimeSeriesList() /home/wovodat/public_html/WOVOdat/eruption/api/Controller/TimeSeriesController.php:11
[01-May-2015 00:00:59] PHP   6. TimeSeriesRepository::saveSerie() /home/wovodat/public_html/WOVOdat/eruption/api/Repository/TimeSeriesRepository.php:113
[01-May-2015 00:00:59] PHP   7. file_put_contents() /home/wovodat/public_html/WOVOdat/eruption/api/Repository/TimeSeriesRepository.php:21
[01-May-2015 00:00:59] PHP Warning:  file_put_contents(/home/wovodat/public_html/WOVOdat/eruption/api/Repository/Serie/Series.json): failed to open stream: Permission denied in /home/wovodat/public_html/WOVOdat/eruption/api/Repository/TimeSeriesRepository.php on line 21
[01-May-2015 00:00:59] PHP Stack trace:
[01-May-2015 00:00:59] PHP   1. {main}() /home/wovodat/public_html/WOVOdat/eruption/api/index.php:0
[01-May-2015 00:00:59] PHP   2. Routing::route() /home/wovodat/public_html/WOVOdat/eruption/api/index.php:28
[01-May-2015 00:00:59] PHP   3. call_user_func_array() /home/wovodat/public_html/WOVOdat/eruption/api/Include/Routing.php:14
[01-May-2015 00:00:59] PHP   4. TimeSeriesController::loadDataList() /home/wovodat/public_html/WOVOdat/eruption/api/Include/Routing.php:14
[01-May-2015 00:00:59] PHP   5. TimeSeriesRepository::getTimeSeriesList() /home/wovodat/public_html/WOVOdat/eruption/api/Controller/TimeSeriesController.php:11
[01-May-2015 00:00:59] PHP   6. TimeSeriesRepository::saveSerie() /home/wovodat/public_html/WOVOdat/eruption/api/Repository/TimeSeriesRepository.php:113
[01-May-2015 00:00:59] PHP   7. file_put_contents() /home/wovodat/public_html/WOVOdat/eruption/api/Repository/TimeSeriesRepository.php:21
[01-May-2015 00:00:59] PHP Warning:  file_put_contents(/home/wovodat/public_html/WOVOdat/eruption/api/Repository/Serie/Series.json): failed to open stream: Permission denied in /home/wovodat/public_html/WOVOdat/eruption/api/Repository/TimeSeriesRepository.php on line 21
[01-May-2015 00:00:59] PHP Stack trace:
[01-May-2015 00:00:59] PHP   1. {main}() /home/wovodat/public_html/WOVOdat/eruption/api/index.php:0
[01-May-2015 00:00:59] PHP   2. Routing::route() /home/wovodat/public_html/WOVOdat/eruption/api/index.php:28
[01-May-2015 00:00:59] PHP   3. call_user_func_array() /home/wovodat/public_html/WOVOdat/eruption/api/Include/Routing.php:14
[01-May-2015 00:00:59] PHP   4. TimeSeriesController::loadDataList() /home/wovodat/public_html/WOVOdat/eruption/api/Include/Routing.php:14
[01-May-2015 00:00:59] PHP   5. TimeSeriesRepository::getTimeSeriesList() /home/wovodat/public_html/WOVOdat/eruption/api/Controller/TimeSeriesController.php:11
[01-May-2015 00:00:59] PHP   6. TimeSeriesRepository::saveSerie() /home/wovodat/public_html/WOVOdat/eruption/api/Repository/TimeSeriesRepository.php:113
[01-May-2015 00:00:59] PHP   7. file_put_contents() /home/wovodat/public_html/WOVOdat/eruption/api/Repository/TimeSeriesRepository.php:21
[01-May-2015 00:00:59] PHP Warning:  file_put_contents(/home/wovodat/public_html/WOVOdat/eruption/api/Repository/Serie/Series.json): failed to open stream: Permission denied in /home/wovodat/public_html/WOVOdat/eruption/api/Repository/TimeSeriesRepository.php on line 21
[01-May-2015 00:00:59] PHP Stack trace:
[01-May-2015 00:00:59] PHP   1. {main}() /home/wovodat/public_html/WOVOdat/eruption/api/index.php:0
[01-May-2015 00:00:59] PHP   2. Routing::route() /home/wovodat/public_html/WOVOdat/eruption/api/index.php:28
[01-May-2015 00:00:59] PHP   3. call_user_func_array() /home/wovodat/public_html/WOVOdat/eruption/api/Include/Routing.php:14
[01-May-2015 00:00:59] PHP   4. TimeSeriesController::loadDataList() /home/wovodat/public_html/WOVOdat/eruption/api/Include/Routing.php:14
[01-May-2015 00:00:59] PHP   5. TimeSeriesRepository::getTimeSeriesList() /home/wovodat/public_html/WOVOdat/eruption/api/Controller/TimeSeriesController.php:11
[01-May-2015 00:00:59] PHP   6. TimeSeriesRepository::saveSerie() /home/wovodat/public_html/WOVOdat/eruption/api/Repository/TimeSeriesRepository.php:113
[01-May-2015 00:00:59] PHP   7. file_put_contents() /home/wovodat/public_html/WOVOdat/eruption/api/Repository/TimeSeriesRepository.php:21
[01-May-2015 00:00:59] PHP Warning:  file_put_contents(/home/wovodat/public_html/WOVOdat/eruption/api/Repository/Serie/Series.json): failed to open stream: Permission denied in /home/wovodat/public_html/WOVOdat/eruption/api/Repository/TimeSeriesRepository.php on line 21
[01-May-2015 00:00:59] PHP Stack trace:
[01-May-2015 00:00:59] PHP   1. {main}() /home/wovodat/public_html/WOVOdat/eruption/api/index.php:0
[01-May-2015 00:00:59] PHP   2. Routing::route() /home/wovodat/public_html/WOVOdat/eruption/api/index.php:28
[01-May-2015 00:00:59] PHP   3. call_user_func_array() /home/wovodat/public_html/WOVOdat/eruption/api/Include/Routing.php:14
[01-May-2015 00:00:59] PHP   4. TimeSeriesController::loadDataList() /home/wovodat/public_html/WOVOdat/eruption/api/Include/Routing.php:14
[01-May-2015 00:00:59] PHP   5. TimeSeriesRepository::getTimeSeriesList() /home/wovodat/public_html/WOVOdat/eruption/api/Controller/TimeSeriesController.php:11
[01-May-2015 00:00:59] PHP   6. TimeSeriesRepository::saveSerie() /home/wovodat/public_html/WOVOdat/eruption/api/Repository/TimeSeriesRepository.php:113
[01-May-2015 00:00:59] PHP   7. file_put_contents() /home/wovodat/public_html/WOVOdat/eruption/api/Repository/TimeSeriesRepository.php:21
[01-May-2015 00:00:59] PHP Warning:  file_put_contents(/home/wovodat/public_html/WOVOdat/eruption/api/Repository/Serie/Series.json): failed to open stream: Permission denied in /home/wovodat/public_html/WOVOdat/eruption/api/Repository/TimeSeriesRepository.php on line 21
[01-May-2015 00:00:59] PHP Stack trace:
[01-May-2015 00:00:59] PHP   1. {main}() /home/wovodat/public_html/WOVOdat/eruption/api/index.php:0
[01-May-2015 00:00:59] PHP   2. Routing::route() /home/wovodat/public_html/WOVOdat/eruption/api/index.php:28
[01-May-2015 00:00:59] PHP   3. call_user_func_array() /home/wovodat/public_html/WOVOdat/eruption/api/Include/Routing.php:14
[01-May-2015 00:00:59] PHP   4. TimeSeriesController::loadDataList() /home/wovodat/public_html/WOVOdat/eruption/api/Include/Routing.php:14
[01-May-2015 00:00:59] PHP   5. TimeSeriesRepository::getTimeSeriesList() /home/wovodat/public_html/WOVOdat/eruption/api/Controller/TimeSeriesController.php:11
[01-May-2015 00:00:59] PHP   6. TimeSeriesRepository::saveSerie() /home/wovodat/public_html/WOVOdat/eruption/api/Repository/TimeSeriesRepository.php:113
[01-May-2015 00:00:59] PHP   7. file_put_contents() /home/wovodat/public_html/WOVOdat/eruption/api/Repository/TimeSeriesRepository.php:21
[01-May-2015 00:00:59] PHP Warning:  file_put_contents(/home/wovodat/public_html/WOVOdat/eruption/api/Repository/Serie/Series.json): failed to open stream: Permission denied in /home/wovodat/public_html/WOVOdat/eruption/api/Repository/TimeSeriesRepository.php on line 21
[01-May-2015 00:00:59] PHP Stack trace:
[01-May-2015 00:00:59] PHP   1. {main}() /home/wovodat/public_html/WOVOdat/eruption/api/index.php:0
[01-May-2015 00:00:59] PHP   2. Routing::route() /home/wovodat/public_html/WOVOdat/eruption/api/index.php:28
[01-May-2015 00:00:59] PHP   3. call_user_func_array() /home/wovodat/public_html/WOVOdat/eruption/api/Include/Routing.php:14
[01-May-2015 00:00:59] PHP   4. TimeSeriesController::loadDataList() /home/wovodat/public_html/WOVOdat/eruption/api/Include/Routing.php:14
[01-May-2015 00:00:59] PHP   5. TimeSeriesRepository::getTimeSeriesList() /home/wovodat/public_html/WOVOdat/eruption/api/Controller/TimeSeriesController.php:11
[01-May-2015 00:00:59] PHP   6. TimeSeriesRepository::saveSerie() /home/wovodat/public_html/WOVOdat/eruption/api/Repository/TimeSeriesRepository.php:113
[01-May-2015 00:00:59] PHP   7. file_put_contents() /home/wovodat/public_html/WOVOdat/eruption/api/Repository/TimeSeriesRepository.php:21
[01-May-2015 00:00:59] PHP Warning:  file_put_contents(/home/wovodat/public_html/WOVOdat/eruption/api/Repository/Serie/Series.json): failed to open stream: Permission denied in /home/wovodat/public_html/WOVOdat/eruption/api/Repository/TimeSeriesRepository.php on line 21
[01-May-2015 00:00:59] PHP Stack trace:
[01-May-2015 00:00:59] PHP   1. {main}() /home/wovodat/public_html/WOVOdat/eruption/api/index.php:0
[01-May-2015 00:00:59] PHP   2. Routing::route() /home/wovodat/public_html/WOVOdat/eruption/api/index.php:28
[01-May-2015 00:00:59] PHP   3. call_user_func_array() /home/wovodat/public_html/WOVOdat/eruption/api/Include/Routing.php:14
[01-May-2015 00:00:59] PHP   4. TimeSeriesController::loadDataList() /home/wovodat/public_html/WOVOdat/eruption/api/Include/Routing.php:14
[01-May-2015 00:00:59] PHP   5. TimeSeriesRepository::getTimeSeriesList() /home/wovodat/public_html/WOVOdat/eruption/api/Controller/TimeSeriesController.php:11
[01-May-2015 00:00:59] PHP   6. TimeSeriesRepository::saveSerie() /home/wovodat/public_html/WOVOdat/eruption/api/Repository/TimeSeriesRepository.php:113
[01-May-2015 00:00:59] PHP   7. file_put_contents() /home/wovodat/public_html/WOVOdat/eruption/api/Repository/TimeSeriesRepository.php:21
[01-May-2015 00:00:59] PHP Warning:  file_put_contents(/home/wovodat/public_html/WOVOdat/eruption/api/Repository/Serie/Series.json): failed to open stream: Permission denied in /home/wovodat/public_html/WOVOdat/eruption/api/Repository/TimeSeriesRepository.php on line 21
[01-May-2015 00:00:59] PHP Stack trace:
[01-May-2015 00:00:59] PHP   1. {main}() /home/wovodat/public_html/WOVOdat/eruption/api/index.php:0
[01-May-2015 00:00:59] PHP   2. Routing::route() /home/wovodat/public_html/WOVOdat/eruption/api/index.php:28
[01-May-2015 00:00:59] PHP   3. call_user_func_array() /home/wovodat/public_html/WOVOdat/eruption/api/Include/Routing.php:14
[01-May-2015 00:00:59] PHP   4. TimeSeriesController::loadDataList() /home/wovodat/public_html/WOVOdat/eruption/api/Include/Routing.php:14
[01-May-2015 00:00:59] PHP   5. TimeSeriesRepository::getTimeSeriesList() /home/wovodat/public_html/WOVOdat/eruption/api/Controller/TimeSeriesController.php:11
[01-May-2015 00:00:59] PHP   6. TimeSeriesRepository::saveSerie() /home/wovodat/public_html/WOVOdat/eruption/api/Repository/TimeSeriesRepository.php:113
[01-May-2015 00:00:59] PHP   7. file_put_contents() /home/wovodat/public_html/WOVOdat/eruption/api/Repository/TimeSeriesRepository.php:21
[01-May-2015 00:00:59] PHP Warning:  file_put_contents(/home/wovodat/public_html/WOVOdat/eruption/api/Repository/Serie/Series.json): failed to open stream: Permission denied in /home/wovodat/public_html/WOVOdat/eruption/api/Repository/TimeSeriesRepository.php on line 21
[01-May-2015 00:00:59] PHP Stack trace:
[01-May-2015 00:00:59] PHP   1. {main}() /home/wovodat/public_html/WOVOdat/eruption/api/index.php:0
[01-May-2015 00:00:59] PHP   2. Routing::route() /home/wovodat/public_html/WOVOdat/eruption/api/index.php:28
[01-May-2015 00:00:59] PHP   3. call_user_func_array() /home/wovodat/public_html/WOVOdat/eruption/api/Include/Routing.php:14
[01-May-2015 00:00:59] PHP   4. TimeSeriesController::loadDataList() /home/wovodat/public_html/WOVOdat/eruption/api/Include/Routing.php:14
[01-May-2015 00:00:59] PHP   5. TimeSeriesRepository::getTimeSeriesList() /home/wovodat/public_html/WOVOdat/eruption/api/Controller/TimeSeriesController.php:11
[01-May-2015 00:00:59] PHP   6. TimeSeriesRepository::saveSerie() /home/wovodat/public_html/WOVOdat/eruption/api/Repository/TimeSeriesRepository.php:113
[01-May-2015 00:00:59] PHP   7. file_put_contents() /home/wovodat/public_html/WOVOdat/eruption/api/Repository/TimeSeriesRepository.php:21
[01-May-2015 00:00:59] PHP Warning:  file_put_contents(/home/wovodat/public_html/WOVOdat/eruption/api/Repository/Serie/Series.json): failed to open stream: Permission denied in /home/wovodat/public_html/WOVOdat/eruption/api/Repository/TimeSeriesRepository.php on line 21
[01-May-2015 00:00:59] PHP Stack trace:
[01-May-2015 00:00:59] PHP   1. {main}() /home/wovodat/public_html/WOVOdat/eruption/api/index.php:0
[01-May-2015 00:00:59] PHP   2. Routing::route() /home/wovodat/public_html/WOVOdat/eruption/api/index.php:28
[01-May-2015 00:00:59] PHP   3. call_user_func_array() /home/wovodat/public_html/WOVOdat/eruption/api/Include/Routing.php:14
[01-May-2015 00:00:59] PHP   4. TimeSeriesController::loadDataList() /home/wovodat/public_html/WOVOdat/eruption/api/Include/Routing.php:14
[01-May-2015 00:00:59] PHP   5. TimeSeriesRepository::getTimeSeriesList() /home/wovodat/public_html/WOVOdat/eruption/api/Controller/TimeSeriesController.php:11
[01-May-2015 00:00:59] PHP   6. TimeSeriesRepository::saveSerie() /home/wovodat/public_html/WOVOdat/eruption/api/Repository/TimeSeriesRepository.php:113
[01-May-2015 00:00:59] PHP   7. file_put_contents() /home/wovodat/public_html/WOVOdat/eruption/api/Repository/TimeSeriesRepository.php:21
[01-May-2015 00:00:59] PHP Warning:  file_put_contents(/home/wovodat/public_html/WOVOdat/eruption/api/Repository/Serie/Series.json): failed to open stream: Permission denied in /home/wovodat/public_html/WOVOdat/eruption/api/Repository/TimeSeriesRepository.php on line 21
[01-May-2015 00:00:59] PHP Stack trace:
[01-May-2015 00:00:59] PHP   1. {main}() /home/wovodat/public_html/WOVOdat/eruption/api/index.php:0
[01-May-2015 00:00:59] PHP   2. Routing::route() /home/wovodat/public_html/WOVOdat/eruption/api/index.php:28
[01-May-2015 00:00:59] PHP   3. call_user_func_array() /home/wovodat/public_html/WOVOdat/eruption/api/Include/Routing.php:14
[01-May-2015 00:00:59] PHP   4. TimeSeriesController::loadDataList() /home/wovodat/public_html/WOVOdat/eruption/api/Include/Routing.php:14
[01-May-2015 00:00:59] PHP   5. TimeSeriesRepository::getTimeSeriesList() /home/wovodat/public_html/WOVOdat/eruption/api/Controller/TimeSeriesController.php:11
[01-May-2015 00:00:59] PHP   6. TimeSeriesRepository::saveSerie() /home/wovodat/public_html/WOVOdat/eruption/api/Repository/TimeSeriesRepository.php:113
[01-May-2015 00:00:59] PHP   7. file_put_contents() /home/wovodat/public_html/WOVOdat/eruption/api/Repository/TimeSeriesRepository.php:21
[01-May-2015 00:00:59] PHP Warning:  file_put_contents(/home/wovodat/public_html/WOVOdat/eruption/api/Repository/Serie/Series.json): failed to open stream: Permission denied in /home/wovodat/public_html/WOVOdat/eruption/api/Repository/TimeSeriesRepository.php on line 21
[01-May-2015 00:00:59] PHP Stack trace:
[01-May-2015 00:00:59] PHP   1. {main}() /home/wovodat/public_html/WOVOdat/eruption/api/index.php:0
[01-May-2015 00:00:59] PHP   2. Routing::route() /home/wovodat/public_html/WOVOdat/eruption/api/index.php:28
[01-May-2015 00:00:59] PHP   3. call_user_func_array() /home/wovodat/public_html/WOVOdat/eruption/api/Include/Routing.php:14
[01-May-2015 00:00:59] PHP   4. TimeSeriesController::loadDataList() /home/wovodat/public_html/WOVOdat/eruption/api/Include/Routing.php:14
[01-May-2015 00:00:59] PHP   5. TimeSeriesRepository::getTimeSeriesList() /home/wovodat/public_html/WOVOdat/eruption/api/Controller/TimeSeriesController.php:11
[01-May-2015 00:00:59] PHP   6. TimeSeriesRepository::saveSerie() /home/wovodat/public_html/WOVOdat/eruption/api/Repository/TimeSeriesRepository.php:113
[01-May-2015 00:00:59] PHP   7. file_put_contents() /home/wovodat/public_html/WOVOdat/eruption/api/Repository/TimeSeriesRepository.php:21
[01-May-2015 00:00:59] PHP Warning:  file_put_contents(/home/wovodat/public_html/WOVOdat/eruption/api/Repository/Serie/Series.json): failed to open stream: Permission denied in /home/wovodat/public_html/WOVOdat/eruption/api/Repository/TimeSeriesRepository.php on line 21
[01-May-2015 00:00:59] PHP Stack trace:
[01-May-2015 00:00:59] PHP   1. {main}() /home/wovodat/public_html/WOVOdat/eruption/api/index.php:0
[01-May-2015 00:00:59] PHP   2. Routing::route() /home/wovodat/public_html/WOVOdat/eruption/api/index.php:28
[01-May-2015 00:00:59] PHP   3. call_user_func_array() /home/wovodat/public_html/WOVOdat/eruption/api/Include/Routing.php:14
[01-May-2015 00:00:59] PHP   4. TimeSeriesController::loadDataList() /home/wovodat/public_html/WOVOdat/eruption/api/Include/Routing.php:14
[01-May-2015 00:00:59] PHP   5. TimeSeriesRepository::getTimeSeriesList() /home/wovodat/public_html/WOVOdat/eruption/api/Controller/TimeSeriesController.php:11
[01-May-2015 00:00:59] PHP   6. TimeSeriesRepository::saveSerie() /home/wovodat/public_html/WOVOdat/eruption/api/Repository/TimeSeriesRepository.php:113
[01-May-2015 00:00:59] PHP   7. file_put_contents() /home/wovodat/public_html/WOVOdat/eruption/api/Repository/TimeSeriesRepository.php:21
[01-May-2015 00:00:59] PHP Warning:  file_put_contents(/home/wovodat/public_html/WOVOdat/eruption/api/Repository/Serie/Series.json): failed to open stream: Permission denied in /home/wovodat/public_html/WOVOdat/eruption/api/Repository/TimeSeriesRepository.php on line 21
[01-May-2015 00:00:59] PHP Stack trace:
[01-May-2015 00:00:59] PHP   1. {main}() /home/wovodat/public_html/WOVOdat/eruption/api/index.php:0
[01-May-2015 00:00:59] PHP   2. Routing::route() /home/wovodat/public_html/WOVOdat/eruption/api/index.php:28
[01-May-2015 00:00:59] PHP   3. call_user_func_array() /home/wovodat/public_html/WOVOdat/eruption/api/Include/Routing.php:14
[01-May-2015 00:00:59] PHP   4. TimeSeriesController::loadDataList() /home/wovodat/public_html/WOVOdat/eruption/api/Include/Routing.php:14
[01-May-2015 00:00:59] PHP   5. TimeSeriesRepository::getTimeSeriesList() /home/wovodat/public_html/WOVOdat/eruption/api/Controller/TimeSeriesController.php:11
[01-May-2015 00:00:59] PHP   6. TimeSeriesRepository::saveSerie() /home/wovodat/public_html/WOVOdat/eruption/api/Repository/TimeSeriesRepository.php:113
[01-May-2015 00:00:59] PHP   7. file_put_contents() /home/wovodat/public_html/WOVOdat/eruption/api/Repository/TimeSeriesRepository.php:21
[01-May-2015 00:00:59] PHP Warning:  file_put_contents(/home/wovodat/public_html/WOVOdat/eruption/api/Repository/Serie/Series.json): failed to open stream: Permission denied in /home/wovodat/public_html/WOVOdat/eruption/api/Repository/TimeSeriesRepository.php on line 21
[01-May-2015 00:00:59] PHP Stack trace:
[01-May-2015 00:00:59] PHP   1. {main}() /home/wovodat/public_html/WOVOdat/eruption/api/index.php:0
[01-May-2015 00:00:59] PHP   2. Routing::route() /home/wovodat/public_html/WOVOdat/eruption/api/index.php:28
[01-May-2015 00:00:59] PHP   3. call_user_func_array() /home/wovodat/public_html/WOVOdat/eruption/api/Include/Routing.php:14
[01-May-2015 00:00:59] PHP   4. TimeSeriesController::loadDataList() /home/wovodat/public_html/WOVOdat/eruption/api/Include/Routing.php:14
[01-May-2015 00:00:59] PHP   5. TimeSeriesRepository::getTimeSeriesList() /home/wovodat/public_html/WOVOdat/eruption/api/Controller/TimeSeriesController.php:11
[01-May-2015 00:00:59] PHP   6. TimeSeriesRepository::saveSerie() /home/wovodat/public_html/WOVOdat/eruption/api/Repository/TimeSeriesRepository.php:113
[01-May-2015 00:00:59] PHP   7. file_put_contents() /home/wovodat/public_html/WOVOdat/eruption/api/Repository/TimeSeriesRepository.php:21
[01-May-2015 00:00:59] PHP Warning:  file_put_contents(/home/wovodat/public_html/WOVOdat/eruption/api/Repository/Serie/Series.json): failed to open stream: Permission denied in /home/wovodat/public_html/WOVOdat/eruption/api/Repository/TimeSeriesRepository.php on line 21
[01-May-2015 00:00:59] PHP Stack trace:
[01-May-2015 00:00:59] PHP   1. {main}() /home/wovodat/public_html/WOVOdat/eruption/api/index.php:0
[01-May-2015 00:00:59] PHP   2. Routing::route() /home/wovodat/public_html/WOVOdat/eruption/api/index.php:28
[01-May-2015 00:00:59] PHP   3. call_user_func_array() /home/wovodat/public_html/WOVOdat/eruption/api/Include/Routing.php:14
[01-May-2015 00:00:59] PHP   4. TimeSeriesController::loadDataList() /home/wovodat/public_html/WOVOdat/eruption/api/Include/Routing.php:14
[01-May-2015 00:00:59] PHP   5. TimeSeriesRepository::getTimeSeriesList() /home/wovodat/public_html/WOVOdat/eruption/api/Controller/TimeSeriesController.php:11
[01-May-2015 00:00:59] PHP   6. TimeSeriesRepository::saveSerie() /home/wovodat/public_html/WOVOdat/eruption/api/Repository/TimeSeriesRepository.php:113
[01-May-2015 00:00:59] PHP   7. file_put_contents() /home/wovodat/public_html/WOVOdat/eruption/api/Repository/TimeSeriesRepository.php:21
[01-May-2015 00:00:59] PHP Warning:  file_put_contents(/home/wovodat/public_html/WOVOdat/eruption/api/Repository/Serie/Series.json): failed to open stream: Permission denied in /home/wovodat/public_html/WOVOdat/eruption/api/Repository/TimeSeriesRepository.php on line 21
[01-May-2015 00:00:59] PHP Stack trace:
[01-May-2015 00:00:59] PHP   1. {main}() /home/wovodat/public_html/WOVOdat/eruption/api/index.php:0
[01-May-2015 00:00:59] PHP   2. Routing::route() /home/wovodat/public_html/WOVOdat/eruption/api/index.php:28
[01-May-2015 00:00:59] PHP   3. call_user_func_array() /home/wovodat/public_html/WOVOdat/eruption/api/Include/Routing.php:14
[01-May-2015 00:00:59] PHP   4. TimeSeriesController::loadDataList() /home/wovodat/public_html/WOVOdat/eruption/api/Include/Routing.php:14
[01-May-2015 00:00:59] PHP   5. TimeSeriesRepository::getTimeSeriesList() /home/wovodat/public_html/WOVOdat/eruption/api/Controller/TimeSeriesController.php:11
[01-May-2015 00:00:59] PHP   6. TimeSeriesRepository::saveSerie() /home/wovodat/public_html/WOVOdat/eruption/api/Repository/TimeSeriesRepository.php:113
[01-May-2015 00:00:59] PHP   7. file_put_contents() /home/wovodat/public_html/WOVOdat/eruption/api/Repository/TimeSeriesRepository.php:21
[01-May-2015 00:00:59] PHP Warning:  file_put_contents(/home/wovodat/public_html/WOVOdat/eruption/api/Repository/Serie/Series.json): failed to open stream: Permission denied in /home/wovodat/public_html/WOVOdat/eruption/api/Repository/TimeSeriesRepository.php on line 21
[01-May-2015 00:00:59] PHP Stack trace:
[01-May-2015 00:00:59] PHP   1. {main}() /home/wovodat/public_html/WOVOdat/eruption/api/index.php:0
[01-May-2015 00:00:59] PHP   2. Routing::route() /home/wovodat/public_html/WOVOdat/eruption/api/index.php:28
[01-May-2015 00:00:59] PHP   3. call_user_func_array() /home/wovodat/public_html/WOVOdat/eruption/api/Include/Routing.php:14
[01-May-2015 00:00:59] PHP   4. TimeSeriesController::loadDataList() /home/wovodat/public_html/WOVOdat/eruption/api/Include/Routing.php:14
[01-May-2015 00:00:59] PHP   5. TimeSeriesRepository::getTimeSeriesList() /home/wovodat/public_html/WOVOdat/eruption/api/Controller/TimeSeriesController.php:11
[01-May-2015 00:00:59] PHP   6. TimeSeriesRepository::saveSerie() /home/wovodat/public_html/WOVOdat/eruption/api/Repository/TimeSeriesRepository.php:113
[01-May-2015 00:00:59] PHP   7. file_put_contents() /home/wovodat/public_html/WOVOdat/eruption/api/Repository/TimeSeriesRepository.php:21
[01-May-2015 00:00:59] PHP Warning:  file_put_contents(/home/wovodat/public_html/WOVOdat/eruption/api/Repository/Serie/Series.json): failed to open stream: Permission denied in /home/wovodat/public_html/WOVOdat/eruption/api/Repository/TimeSeriesRepository.php on line 21
[01-May-2015 00:00:59] PHP Stack trace:
[01-May-2015 00:00:59] PHP   1. {main}() /home/wovodat/public_html/WOVOdat/eruption/api/index.php:0
[01-May-2015 00:00:59] PHP   2. Routing::route() /home/wovodat/public_html/WOVOdat/eruption/api/index.php:28
[01-May-2015 00:00:59] PHP   3. call_user_func_array() /home/wovodat/public_html/WOVOdat/eruption/api/Include/Routing.php:14
[01-May-2015 00:00:59] PHP   4. TimeSeriesController::loadDataList() /home/wovodat/public_html/WOVOdat/eruption/api/Include/Routing.php:14
[01-May-2015 00:00:59] PHP   5. TimeSeriesRepository::getTimeSeriesList() /home/wovodat/public_html/WOVOdat/eruption/api/Controller/TimeSeriesController.php:11
[01-May-2015 00:00:59] PHP   6. TimeSeriesRepository::saveSerie() /home/wovodat/public_html/WOVOdat/eruption/api/Repository/TimeSeriesRepository.php:113
[01-May-2015 00:00:59] PHP   7. file_put_contents() /home/wovodat/public_html/WOVOdat/eruption/api/Repository/TimeSeriesRepository.php:21
[01-May-2015 00:00:59] PHP Warning:  file_put_contents(/home/wovodat/public_html/WOVOdat/eruption/api/Repository/Serie/Series.json): failed to open stream: Permission denied in /home/wovodat/public_html/WOVOdat/eruption/api/Repository/TimeSeriesRepository.php on line 21
[01-May-2015 00:00:59] PHP Stack trace:
[01-May-2015 00:00:59] PHP   1. {main}() /home/wovodat/public_html/WOVOdat/eruption/api/index.php:0
[01-May-2015 00:00:59] PHP   2. Routing::route() /home/wovodat/public_html/WOVOdat/eruption/api/index.php:28
[01-May-2015 00:00:59] PHP   3. call_user_func_array() /home/wovodat/public_html/WOVOdat/eruption/api/Include/Routing.php:14
[01-May-2015 00:00:59] PHP   4. TimeSeriesController::loadDataList() /home/wovodat/public_html/WOVOdat/eruption/api/Include/Routing.php:14
[01-May-2015 00:00:59] PHP   5. TimeSeriesRepository::getTimeSeriesList() /home/wovodat/public_html/WOVOdat/eruption/api/Controller/TimeSeriesController.php:11
[01-May-2015 00:00:59] PHP   6. TimeSeriesRepository::saveSerie() /home/wovodat/public_html/WOVOdat/eruption/api/Repository/TimeSeriesRepository.php:113
[01-May-2015 00:00:59] PHP   7. file_put_contents() /home/wovodat/public_html/WOVOdat/eruption/api/Repository/TimeSeriesRepository.php:21
[01-May-2015 00:00:59] PHP Warning:  file_put_contents(/home/wovodat/public_html/WOVOdat/eruption/api/Repository/Serie/Series.json): failed to open stream: Permission denied in /home/wovodat/public_html/WOVOdat/eruption/api/Repository/TimeSeriesRepository.php on line 21
[01-May-2015 00:00:59] PHP Stack trace:
[01-May-2015 00:00:59] PHP   1. {main}() /home/wovodat/public_html/WOVOdat/eruption/api/index.php:0
[01-May-2015 00:00:59] PHP   2. Routing::route() /home/wovodat/public_html/WOVOdat/eruption/api/index.php:28
[01-May-2015 00:00:59] PHP   3. call_user_func_array() /home/wovodat/public_html/WOVOdat/eruption/api/Include/Routing.php:14
[01-May-2015 00:00:59] PHP   4. TimeSeriesController::loadDataList() /home/wovodat/public_html/WOVOdat/eruption/api/Include/Routing.php:14
[01-May-2015 00:00:59] PHP   5. TimeSeriesRepository::getTimeSeriesList() /home/wovodat/public_html/WOVOdat/eruption/api/Controller/TimeSeriesController.php:11
[01-May-2015 00:00:59] PHP   6. TimeSeriesRepository::saveSerie() /home/wovodat/public_html/WOVOdat/eruption/api/Repository/TimeSeriesRepository.php:113
[01-May-2015 00:00:59] PHP   7. file_put_contents() /home/wovodat/public_html/WOVOdat/eruption/api/Repository/TimeSeriesRepository.php:21
[01-May-2015 00:00:59] PHP Warning:  file_put_contents(/home/wovodat/public_html/WOVOdat/eruption/api/Repository/Serie/Series.json): failed to open stream: Permission denied in /home/wovodat/public_html/WOVOdat/eruption/api/Repository/TimeSeriesRepository.php on line 21
[01-May-2015 00:00:59] PHP Stack trace:
[01-May-2015 00:00:59] PHP   1. {main}() /home/wovodat/public_html/WOVOdat/eruption/api/index.php:0
[01-May-2015 00:00:59] PHP   2. Routing::route() /home/wovodat/public_html/WOVOdat/eruption/api/index.php:28
[01-May-2015 00:00:59] PHP   3. call_user_func_array() /home/wovodat/public_html/WOVOdat/eruption/api/Include/Routing.php:14
[01-May-2015 00:00:59] PHP   4. TimeSeriesController::loadDataList() /home/wovodat/public_html/WOVOdat/eruption/api/Include/Routing.php:14
[01-May-2015 00:00:59] PHP   5. TimeSeriesRepository::getTimeSeriesList() /home/wovodat/public_html/WOVOdat/eruption/api/Controller/TimeSeriesController.php:11
[01-May-2015 00:00:59] PHP   6. TimeSeriesRepository::saveSerie() /home/wovodat/public_html/WOVOdat/eruption/api/Repository/TimeSeriesRepository.php:113
[01-May-2015 00:00:59] PHP   7. file_put_contents() /home/wovodat/public_html/WOVOdat/eruption/api/Repository/TimeSeriesRepository.php:21
[01-May-2015 00:00:59] PHP Warning:  file_put_contents(/home/wovodat/public_html/WOVOdat/eruption/api/Repository/Serie/Series.json): failed to open stream: Permission denied in /home/wovodat/public_html/WOVOdat/eruption/api/Repository/TimeSeriesRepository.php on line 21
[01-May-2015 00:00:59] PHP Stack trace:
[01-May-2015 00:00:59] PHP   1. {main}() /home/wovodat/public_html/WOVOdat/eruption/api/index.php:0
[01-May-2015 00:00:59] PHP   2. Routing::route() /home/wovodat/public_html/WOVOdat/eruption/api/index.php:28
[01-May-2015 00:00:59] PHP   3. call_user_func_array() /home/wovodat/public_html/WOVOdat/eruption/api/Include/Routing.php:14
[01-May-2015 00:00:59] PHP   4. TimeSeriesController::loadDataList() /home/wovodat/public_html/WOVOdat/eruption/api/Include/Routing.php:14
[01-May-2015 00:00:59] PHP   5. TimeSeriesRepository::getTimeSeriesList() /home/wovodat/public_html/WOVOdat/eruption/api/Controller/TimeSeriesController.php:11
[01-May-2015 00:00:59] PHP   6. TimeSeriesRepository::saveSerie() /home/wovodat/public_html/WOVOdat/eruption/api/Repository/TimeSeriesRepository.php:113
[01-May-2015 00:00:59] PHP   7. file_put_contents() /home/wovodat/public_html/WOVOdat/eruption/api/Repository/TimeSeriesRepository.php:21
[01-May-2015 00:00:59] PHP Warning:  file_put_contents(/home/wovodat/public_html/WOVOdat/eruption/api/Repository/Serie/Series.json): failed to open stream: Permission denied in /home/wovodat/public_html/WOVOdat/eruption/api/Repository/TimeSeriesRepository.php on line 21
[01-May-2015 00:00:59] PHP Stack trace:
[01-May-2015 00:00:59] PHP   1. {main}() /home/wovodat/public_html/WOVOdat/eruption/api/index.php:0
[01-May-2015 00:00:59] PHP   2. Routing::route() /home/wovodat/public_html/WOVOdat/eruption/api/index.php:28
[01-May-2015 00:00:59] PHP   3. call_user_func_array() /home/wovodat/public_html/WOVOdat/eruption/api/Include/Routing.php:14
[01-May-2015 00:00:59] PHP   4. TimeSeriesController::loadDataList() /home/wovodat/public_html/WOVOdat/eruption/api/Include/Routing.php:14
[01-May-2015 00:00:59] PHP   5. TimeSeriesRepository::getTimeSeriesList() /home/wovodat/public_html/WOVOdat/eruption/api/Controller/TimeSeriesController.php:11
[01-May-2015 00:00:59] PHP   6. TimeSeriesRepository::saveSerie() /home/wovodat/public_html/WOVOdat/eruption/api/Repository/TimeSeriesRepository.php:113
[01-May-2015 00:00:59] PHP   7. file_put_contents() /home/wovodat/public_html/WOVOdat/eruption/api/Repository/TimeSeriesRepository.php:21
